<?xml version="1.0" encoding="UTF-8"?>
<testng-results skipped="0" failed="0" total="1" passed="1">
  <reporter-output>
  </reporter-output>
  <suite name="Default suite" duration-ms="31562" started-at="2013-12-19T12:50:57Z" finished-at="2013-12-19T12:51:29Z">
    <groups>
    </groups>
    <test name="Default test" duration-ms="31562" started-at="2013-12-19T12:50:57Z" finished-at="2013-12-19T12:51:29Z">
      <class name="com.exigen.shegula.tests.DSTestProfile">
        <test-method status="PASS" signature="launchBrowser(java.lang.String)[pri:0, instance:com.exigen.shegula.tests.DSTestProfile@3275323c]" name="launchBrowser" is-config="true" duration-ms="22828" started-at="2013-12-19T14:50:57Z" finished-at="2013-12-19T14:51:20Z">
          <params>
            <param index="0">
              <value>
                <![CDATA[FF]]>
              </value>
            </param>
          </params>
          <reporter-output>
          </reporter-output>
        </test-method> <!-- launchBrowser -->
        <test-method status="PASS" signature="testMainMenuClick()[pri:0, instance:com.exigen.shegula.tests.DSTestProfile@3275323c]" name="testMainMenuClick" duration-ms="8194" started-at="2013-12-19T14:51:20Z" finished-at="2013-12-19T14:51:28Z">
          <reporter-output>
          </reporter-output>
        </test-method> <!-- testMainMenuClick -->
        <test-method status="PASS" signature="tearDown()[pri:0, instance:com.exigen.shegula.tests.DSTestProfile@3275323c]" name="tearDown" is-config="true" duration-ms="512" started-at="2013-12-19T14:51:28Z" finished-at="2013-12-19T14:51:29Z">
          <reporter-output>
          </reporter-output>
        </test-method> <!-- tearDown -->
      </class> <!-- com.exigen.shegula.tests.DSTestProfile -->
    </test> <!-- Default test -->
  </suite> <!-- Default suite -->
</testng-results>
